<?xml version="1.0" encoding="UTF-8"?>
<testng-results skipped="0" failed="1" ignored="0" total="11" passed="10">
  <reporter-output>
  </reporter-output>
  <suite name="BestBuyAPIPlayground" duration-ms="4130" started-at="2018-11-10T04:14:38Z" finished-at="2018-11-10T04:14:42Z">
    <groups>
    </groups>
    <test name="ProductAPIs" duration-ms="4130" started-at="2018-11-10T04:14:38Z" finished-at="2018-11-10T04:14:42Z">
      <class name="com.n26.tests.FailTestCase">
        <test-method status="FAIL" signature="testFailTestCase(java.util.Hashtable)[pri:0, instance:com.n26.tests.FailTestCase@57fffcd7]" name="testFailTestCase" duration-ms="48" started-at="2018-11-10T09:44:42Z" data-provider="testData" finished-at="2018-11-10T09:44:42Z">
          <params>
            <param index="0">
              <value>
                <![CDATA[{Description=Banking APP, Type=Banking, Image=https://www.n26.com/image1, Url=https://www.n26.com, Upc=Example, Model=2013.0, Price=250.0, ProductNameToVerify=Product2, Manufacturer=N26, Name=Product1, Shipping=80.0}]]>
              </value>
            </param>
          </params>
          <exception class="java.lang.AssertionError">
            <message>
              <![CDATA[Product name suppose to be: Product1 expected [Product2] but found [Product1]]]>
            </message>
            <full-stacktrace>
              <![CDATA[java.lang.AssertionError: Product name suppose to be: Product1 expected [Product2] but found [Product1]at org.testng.Assert.fail(Assert.java:96)at org.testng.Assert.failNotEquals(Assert.java:776)at org.testng.Assert.assertEqualsImpl(Assert.java:137)at org.testng.Assert.assertEquals(Assert.java:118)at org.testng.Assert.assertEquals(Assert.java:453)at com.n26.tests.FailTestCase.testFailTestCase(FailTestCase.java:32)at sun.reflect.NativeMethodAccessorImpl.invoke0(Native Method)at sun.reflect.NativeMethodAccessorImpl.invoke(NativeMethodAccessorImpl.java:62)at sun.reflect.DelegatingMethodAccessorImpl.invoke(DelegatingMethodAccessorImpl.java:43)at java.lang.reflect.Method.invoke(Method.java:498)at org.testng.internal.MethodInvocationHelper.invokeMethod(MethodInvocationHelper.java:124)at org.testng.internal.Invoker.invokeMethod(Invoker.java:571)at org.testng.internal.Invoker.invokeTestMethod(Invoker.java:707)at org.testng.internal.Invoker.invokeTestMethods(Invoker.java:979)at org.testng.internal.TestMethodWorker.invokeTestMethods(TestMethodWorker.java:125)at org.testng.internal.TestMethodWorker.run(TestMethodWorker.java:109)at org.testng.TestRunner.privateRun(TestRunner.java:648)at org.testng.TestRunner.run(TestRunner.java:505)at org.testng.SuiteRunner.runTest(SuiteRunner.java:455)at org.testng.SuiteRunner.runSequentially(SuiteRunner.java:450)at org.testng.SuiteRunner.privateRun(SuiteRunner.java:415)at org.testng.SuiteRunner.run(SuiteRunner.java:364)at org.testng.SuiteRunnerWorker.runSuite(SuiteRunnerWorker.java:52)at org.testng.SuiteRunnerWorker.run(SuiteRunnerWorker.java:84)at org.testng.TestNG.runSuitesSequentially(TestNG.java:1187)at org.testng.TestNG.runSuitesLocally(TestNG.java:1116)at org.testng.TestNG.runSuites(TestNG.java:1028)at org.testng.TestNG.run(TestNG.java:996)at org.testng.remote.AbstractRemoteTestNG.run(AbstractRemoteTestNG.java:114)at org.testng.remote.RemoteTestNG.initAndRun(RemoteTestNG.java:251)at org.testng.remote.RemoteTestNG.main(RemoteTestNG.java:77)]]>
            </full-stacktrace>
          </exception> <!-- java.lang.AssertionError -->
          <reporter-output>
          </reporter-output>
        </test-method> <!-- testFailTestCase -->
        <test-method status="PASS" signature="startTest()[pri:0, instance:com.n26.tests.FailTestCase@57fffcd7]" name="startTest" is-config="true" duration-ms="0" started-at="2018-11-10T09:44:42Z" finished-at="2018-11-10T09:44:42Z">
          <reporter-output>
          </reporter-output>
        </test-method> <!-- startTest -->
        <test-method status="PASS" signature="endTest(org.testng.ITestResult)[pri:0, instance:com.n26.tests.FailTestCase@57fffcd7]" name="endTest" is-config="true" duration-ms="4" started-at="2018-11-10T09:44:42Z" finished-at="2018-11-10T09:44:42Z">
          <params>
            <param index="0">
              <value>
                <![CDATA[[TestResult name=testFailTestCase status=FAILURE method=FailTestCase.testFailTestCase(java.util.Hashtable)[pri:0, instance:com.n26.tests.FailTestCase@57fffcd7] output={null}]]]>
              </value>
            </param>
          </params>
          <reporter-output>
          </reporter-output>
        </test-method> <!-- endTest -->
        <test-method status="PASS" signature="startTest()[pri:0, instance:com.n26.tests.FailTestCase@57fffcd7]" name="startTest" is-config="true" duration-ms="0" started-at="2018-11-10T09:44:42Z" finished-at="2018-11-10T09:44:42Z">
          <reporter-output>
          </reporter-output>
        </test-method> <!-- startTest -->
        <test-method status="PASS" signature="testFailTestCase(java.util.Hashtable)[pri:0, instance:com.n26.tests.FailTestCase@57fffcd7]" name="testFailTestCase" duration-ms="36" started-at="2018-11-10T09:44:42Z" data-provider="testData" finished-at="2018-11-10T09:44:42Z">
          <params>
            <param index="0">
              <value>
                <![CDATA[{Description=Health App, Type=Health, Image=https://www.n26.com/image2, Url=https://www.n26.com, Upc=Example, Model=2014.0, Price=780.0, ProductNameToVerify=Product2, Manufacturer=N27, Name=Product2, Shipping=30.0}]]>
              </value>
            </param>
          </params>
          <reporter-output>
          </reporter-output>
        </test-method> <!-- testFailTestCase -->
        <test-method status="PASS" signature="endTest(org.testng.ITestResult)[pri:0, instance:com.n26.tests.FailTestCase@57fffcd7]" name="endTest" is-config="true" duration-ms="0" started-at="2018-11-10T09:44:42Z" finished-at="2018-11-10T09:44:42Z">
          <params>
            <param index="0">
              <value>
                <![CDATA[[TestResult name=testFailTestCase status=SUCCESS method=FailTestCase.testFailTestCase(java.util.Hashtable)[pri:0, instance:com.n26.tests.FailTestCase@57fffcd7] output={null}]]]>
              </value>
            </param>
          </params>
          <reporter-output>
          </reporter-output>
        </test-method> <!-- endTest -->
        <test-method status="PASS" signature="closeDriver()[pri:0, instance:com.n26.tests.FailTestCase@57fffcd7]" name="closeDriver" is-config="true" duration-ms="80" started-at="2018-11-10T09:44:42Z" finished-at="2018-11-10T09:44:42Z">
          <reporter-output>
          </reporter-output>
        </test-method> <!-- closeDriver -->
      </class> <!-- com.n26.tests.FailTestCase -->
      <class name="com.n26.tests.CreateAndGetProduct">
        <test-method status="PASS" signature="testCreateAndGetProduct(java.util.Hashtable)[pri:0, instance:com.n26.tests.CreateAndGetProduct@13deb50e]" name="testCreateAndGetProduct" duration-ms="68" started-at="2018-11-10T09:44:41Z" data-provider="testData" finished-at="2018-11-10T09:44:41Z">
          <params>
            <param index="0">
              <value>
                <![CDATA[{Description=Banking APP, Type=Banking, Image=https://www.n26.com/image1, Url=https://www.n26.com, Upc=Example, Model=2013.0, Price=250.0, Manufacturer=N26, Name=Product1, Shipping=80.0}]]>
              </value>
            </param>
          </params>
          <reporter-output>
          </reporter-output>
        </test-method> <!-- testCreateAndGetProduct -->
        <test-method status="PASS" signature="startTest()[pri:0, instance:com.n26.tests.CreateAndGetProduct@13deb50e]" name="startTest" is-config="true" duration-ms="0" started-at="2018-11-10T09:44:41Z" finished-at="2018-11-10T09:44:41Z">
          <reporter-output>
          </reporter-output>
        </test-method> <!-- startTest -->
        <test-method status="PASS" signature="closeDriver()[pri:0, instance:com.n26.tests.CreateAndGetProduct@13deb50e]" name="closeDriver" is-config="true" duration-ms="108" started-at="2018-11-10T09:44:41Z" finished-at="2018-11-10T09:44:41Z">
          <reporter-output>
          </reporter-output>
        </test-method> <!-- closeDriver -->
        <test-method status="PASS" signature="endTest(org.testng.ITestResult)[pri:0, instance:com.n26.tests.CreateAndGetProduct@13deb50e]" name="endTest" is-config="true" duration-ms="0" started-at="2018-11-10T09:44:41Z" finished-at="2018-11-10T09:44:41Z">
          <params>
            <param index="0">
              <value>
                <![CDATA[[TestResult name=testCreateAndGetProduct status=SUCCESS method=CreateAndGetProduct.testCreateAndGetProduct(java.util.Hashtable)[pri:0, instance:com.n26.tests.CreateAndGetProduct@13deb50e] output={null}]]]>
              </value>
            </param>
          </params>
          <reporter-output>
          </reporter-output>
        </test-method> <!-- endTest -->
      </class> <!-- com.n26.tests.CreateAndGetProduct -->
      <class name="com.n26.tests.CreateAndVerifyProduct">
        <test-method status="PASS" signature="testCreateAndVerifyProduct(java.util.Hashtable)[pri:0, instance:com.n26.tests.CreateAndVerifyProduct@239963d8]" name="testCreateAndVerifyProduct" duration-ms="42" started-at="2018-11-10T09:44:41Z" data-provider="testData" finished-at="2018-11-10T09:44:41Z">
          <params>
            <param index="0">
              <value>
                <![CDATA[{Description=Banking APP, Type=Banking, Image=https://www.n26.com/image1, Url=https://www.n26.com, Upc=Example, Model=2013.0, Price=250.0, Manufacturer=N26, Name=Product1, Shipping=80.0}]]>
              </value>
            </param>
          </params>
          <reporter-output>
          </reporter-output>
        </test-method> <!-- testCreateAndVerifyProduct -->
        <test-method status="PASS" signature="startTest()[pri:0, instance:com.n26.tests.CreateAndVerifyProduct@239963d8]" name="startTest" is-config="true" duration-ms="0" started-at="2018-11-10T09:44:41Z" finished-at="2018-11-10T09:44:41Z">
          <reporter-output>
          </reporter-output>
        </test-method> <!-- startTest -->
        <test-method status="PASS" signature="testCreateAndVerifyProduct(java.util.Hashtable)[pri:0, instance:com.n26.tests.CreateAndVerifyProduct@239963d8]" name="testCreateAndVerifyProduct" duration-ms="56" started-at="2018-11-10T09:44:41Z" data-provider="testData" finished-at="2018-11-10T09:44:41Z">
          <params>
            <param index="0">
              <value>
                <![CDATA[{Description=Health App, Type=Health, Image=https://www.n26.com/image2, Url=https://www.n26.com, Upc=Example, Model=2014.0, Price=780.0, Manufacturer=N27, Name=Product2, Shipping=30.0}]]>
              </value>
            </param>
          </params>
          <reporter-output>
          </reporter-output>
        </test-method> <!-- testCreateAndVerifyProduct -->
        <test-method status="PASS" signature="startTest()[pri:0, instance:com.n26.tests.CreateAndVerifyProduct@239963d8]" name="startTest" is-config="true" duration-ms="0" started-at="2018-11-10T09:44:41Z" finished-at="2018-11-10T09:44:41Z">
          <reporter-output>
          </reporter-output>
        </test-method> <!-- startTest -->
        <test-method status="PASS" signature="endTest(org.testng.ITestResult)[pri:0, instance:com.n26.tests.CreateAndVerifyProduct@239963d8]" name="endTest" is-config="true" duration-ms="0" started-at="2018-11-10T09:44:41Z" finished-at="2018-11-10T09:44:41Z">
          <params>
            <param index="0">
              <value>
                <![CDATA[[TestResult name=testCreateAndVerifyProduct status=SUCCESS method=CreateAndVerifyProduct.testCreateAndVerifyProduct(java.util.Hashtable)[pri:0, instance:com.n26.tests.CreateAndVerifyProduct@239963d8] output={null}]]]>
              </value>
            </param>
          </params>
          <reporter-output>
          </reporter-output>
        </test-method> <!-- endTest -->
        <test-method status="PASS" signature="testCreateAndVerifyProduct(java.util.Hashtable)[pri:0, instance:com.n26.tests.CreateAndVerifyProduct@239963d8]" name="testCreateAndVerifyProduct" duration-ms="44" started-at="2018-11-10T09:44:41Z" data-provider="testData" finished-at="2018-11-10T09:44:41Z">
          <params>
            <param index="0">
              <value>
                <![CDATA[{Description=Construction App, Type=Construction, Image=https://www.n26.com/image3, Url=https://www.n26.com, Upc=Example, Model=2015.0, Price=550.0, Manufacturer=N28, Name=Product3, Shipping=130.0}]]>
              </value>
            </param>
          </params>
          <reporter-output>
          </reporter-output>
        </test-method> <!-- testCreateAndVerifyProduct -->
        <test-method status="PASS" signature="startTest()[pri:0, instance:com.n26.tests.CreateAndVerifyProduct@239963d8]" name="startTest" is-config="true" duration-ms="0" started-at="2018-11-10T09:44:41Z" finished-at="2018-11-10T09:44:41Z">
          <reporter-output>
          </reporter-output>
        </test-method> <!-- startTest -->
        <test-method status="PASS" signature="endTest(org.testng.ITestResult)[pri:0, instance:com.n26.tests.CreateAndVerifyProduct@239963d8]" name="endTest" is-config="true" duration-ms="0" started-at="2018-11-10T09:44:41Z" finished-at="2018-11-10T09:44:41Z">
          <params>
            <param index="0">
              <value>
                <![CDATA[[TestResult name=testCreateAndVerifyProduct status=SUCCESS method=CreateAndVerifyProduct.testCreateAndVerifyProduct(java.util.Hashtable)[pri:0, instance:com.n26.tests.CreateAndVerifyProduct@239963d8] output={null}]]]>
              </value>
            </param>
          </params>
          <reporter-output>
          </reporter-output>
        </test-method> <!-- endTest -->
        <test-method status="PASS" signature="endTest(org.testng.ITestResult)[pri:0, instance:com.n26.tests.CreateAndVerifyProduct@239963d8]" name="endTest" is-config="true" duration-ms="0" started-at="2018-11-10T09:44:41Z" finished-at="2018-11-10T09:44:41Z">
          <params>
            <param index="0">
              <value>
                <![CDATA[[TestResult name=testCreateAndVerifyProduct status=SUCCESS method=CreateAndVerifyProduct.testCreateAndVerifyProduct(java.util.Hashtable)[pri:0, instance:com.n26.tests.CreateAndVerifyProduct@239963d8] output={null}]]]>
              </value>
            </param>
          </params>
          <reporter-output>
          </reporter-output>
        </test-method> <!-- endTest -->
        <test-method status="PASS" signature="testCreateAndVerifyProduct(java.util.Hashtable)[pri:0, instance:com.n26.tests.CreateAndVerifyProduct@239963d8]" name="testCreateAndVerifyProduct" duration-ms="44" started-at="2018-11-10T09:44:41Z" data-provider="testData" finished-at="2018-11-10T09:44:41Z">
          <params>
            <param index="0">
              <value>
                <![CDATA[{Description=Banking APP, Type=Banking, Image=https://www.n26.com/image4, Url=https://www.n26.com, Upc=Example, Model=2016.0, Price=960.0, Manufacturer=N29, Name=Product4, Shipping=300.0}]]>
              </value>
            </param>
          </params>
          <reporter-output>
          </reporter-output>
        </test-method> <!-- testCreateAndVerifyProduct -->
        <test-method status="PASS" signature="startTest()[pri:0, instance:com.n26.tests.CreateAndVerifyProduct@239963d8]" name="startTest" is-config="true" duration-ms="0" started-at="2018-11-10T09:44:41Z" finished-at="2018-11-10T09:44:41Z">
          <reporter-output>
          </reporter-output>
        </test-method> <!-- startTest -->
        <test-method status="PASS" signature="endTest(org.testng.ITestResult)[pri:0, instance:com.n26.tests.CreateAndVerifyProduct@239963d8]" name="endTest" is-config="true" duration-ms="0" started-at="2018-11-10T09:44:41Z" finished-at="2018-11-10T09:44:41Z">
          <params>
            <param index="0">
              <value>
                <![CDATA[[TestResult name=testCreateAndVerifyProduct status=SUCCESS method=CreateAndVerifyProduct.testCreateAndVerifyProduct(java.util.Hashtable)[pri:0, instance:com.n26.tests.CreateAndVerifyProduct@239963d8] output={null}]]]>
              </value>
            </param>
          </params>
          <reporter-output>
          </reporter-output>
        </test-method> <!-- endTest -->
        <test-method status="PASS" signature="closeDriver()[pri:0, instance:com.n26.tests.CreateAndVerifyProduct@239963d8]" name="closeDriver" is-config="true" duration-ms="88" started-at="2018-11-10T09:44:41Z" finished-at="2018-11-10T09:44:41Z">
          <reporter-output>
          </reporter-output>
        </test-method> <!-- closeDriver -->
      </class> <!-- com.n26.tests.CreateAndVerifyProduct -->
      <class name="com.n26.tests.CreatePatchAndVerifyProduct">
        <test-method status="PASS" signature="startTest()[pri:0, instance:com.n26.tests.CreatePatchAndVerifyProduct@3abbfa04]" name="startTest" is-config="true" duration-ms="0" started-at="2018-11-10T09:44:41Z" finished-at="2018-11-10T09:44:41Z">
          <reporter-output>
          </reporter-output>
        </test-method> <!-- startTest -->
        <test-method status="PASS" signature="testCreatePatchAndVerifyProduct(java.util.Hashtable)[pri:0, instance:com.n26.tests.CreatePatchAndVerifyProduct@3abbfa04]" name="testCreatePatchAndVerifyProduct" duration-ms="76" started-at="2018-11-10T09:44:41Z" data-provider="testData" finished-at="2018-11-10T09:44:42Z">
          <params>
            <param index="0">
              <value>
                <![CDATA[{NewModel=2013.0, NewManufacturer=N26, Upc=Example, NewType=Bankingx, Shipping=80.0, Name=Product1, NewDescriptior=Banking APP, NewImage=https://www.n26.com/image1, Type=Banking, Model=2013.0, NewUpc=Examplex, NewShipping=80.0, Url=https://www.n26.com, NewPrice=250.0, Manufacturer=N26, Image=https://www.n26.com/image1, Description=Banking APP, NewUrl=https://www.n26.com, NewName=Productx, Price=250.0}]]>
              </value>
            </param>
          </params>
          <reporter-output>
          </reporter-output>
        </test-method> <!-- testCreatePatchAndVerifyProduct -->
        <test-method status="PASS" signature="startTest()[pri:0, instance:com.n26.tests.CreatePatchAndVerifyProduct@3abbfa04]" name="startTest" is-config="true" duration-ms="0" started-at="2018-11-10T09:44:42Z" finished-at="2018-11-10T09:44:42Z">
          <reporter-output>
          </reporter-output>
        </test-method> <!-- startTest -->
        <test-method status="PASS" signature="testCreatePatchAndVerifyProduct(java.util.Hashtable)[pri:0, instance:com.n26.tests.CreatePatchAndVerifyProduct@3abbfa04]" name="testCreatePatchAndVerifyProduct" duration-ms="72" started-at="2018-11-10T09:44:42Z" data-provider="testData" finished-at="2018-11-10T09:44:42Z">
          <params>
            <param index="0">
              <value>
                <![CDATA[{NewModel=2013.0, NewManufacturer=N26, Upc=Example, NewType=Hotelx, Shipping=98.0, Name=Product2, NewDescriptior=Banking APP, NewImage=https://www.n26.com/image1, Type=Hotel, Model=2018.0, NewUpc=Examplex, NewShipping=80.0, Url=https://www.n26.com, NewPrice=250.0, Manufacturer=N26, Image=https://www.n26.com/image1, Description=Hotel APP, NewUrl=https://www.n26.com, NewName=Productx, Price=560.0}]]>
              </value>
            </param>
          </params>
          <reporter-output>
          </reporter-output>
        </test-method> <!-- testCreatePatchAndVerifyProduct -->
        <test-method status="PASS" signature="endTest(org.testng.ITestResult)[pri:0, instance:com.n26.tests.CreatePatchAndVerifyProduct@3abbfa04]" name="endTest" is-config="true" duration-ms="0" started-at="2018-11-10T09:44:42Z" finished-at="2018-11-10T09:44:42Z">
          <params>
            <param index="0">
              <value>
                <![CDATA[[TestResult name=testCreatePatchAndVerifyProduct status=SUCCESS method=CreatePatchAndVerifyProduct.testCreatePatchAndVerifyProduct(java.util.Hashtable)[pri:0, instance:com.n26.tests.CreatePatchAndVerifyProduct@3abbfa04] output={null}]]]>
              </value>
            </param>
          </params>
          <reporter-output>
          </reporter-output>
        </test-method> <!-- endTest -->
        <test-method status="PASS" signature="endTest(org.testng.ITestResult)[pri:0, instance:com.n26.tests.CreatePatchAndVerifyProduct@3abbfa04]" name="endTest" is-config="true" duration-ms="0" started-at="2018-11-10T09:44:42Z" finished-at="2018-11-10T09:44:42Z">
          <params>
            <param index="0">
              <value>
                <![CDATA[[TestResult name=testCreatePatchAndVerifyProduct status=SUCCESS method=CreatePatchAndVerifyProduct.testCreatePatchAndVerifyProduct(java.util.Hashtable)[pri:0, instance:com.n26.tests.CreatePatchAndVerifyProduct@3abbfa04] output={null}]]]>
              </value>
            </param>
          </params>
          <reporter-output>
          </reporter-output>
        </test-method> <!-- endTest -->
        <test-method status="PASS" signature="closeDriver()[pri:0, instance:com.n26.tests.CreatePatchAndVerifyProduct@3abbfa04]" name="closeDriver" is-config="true" duration-ms="76" started-at="2018-11-10T09:44:42Z" finished-at="2018-11-10T09:44:42Z">
          <reporter-output>
          </reporter-output>
        </test-method> <!-- closeDriver -->
      </class> <!-- com.n26.tests.CreatePatchAndVerifyProduct -->
      <class name="com.n26.tests.CreateAndDeleteProduct">
        <test-method status="PASS" signature="startTest()[pri:0, instance:com.n26.tests.CreateAndDeleteProduct@f6c48ac]" name="startTest" is-config="true" duration-ms="16" started-at="2018-11-10T09:44:38Z" finished-at="2018-11-10T09:44:38Z">
          <reporter-output>
          </reporter-output>
        </test-method> <!-- startTest -->
        <test-method status="PASS" signature="testCreateAndDeleteProduct(java.util.Hashtable)[pri:0, instance:com.n26.tests.CreateAndDeleteProduct@f6c48ac]" name="testCreateAndDeleteProduct" duration-ms="2087" started-at="2018-11-10T09:44:38Z" data-provider="testData" finished-at="2018-11-10T09:44:40Z">
          <params>
            <param index="0">
              <value>
                <![CDATA[{Description=Banking APP, Type=Banking, Image=https://www.n26.com/image1, Url=https://www.n26.com, Upc=Example, Model=2013.0, Price=250.0, Manufacturer=N26, Name=Product1, Shipping=80.0}]]>
              </value>
            </param>
          </params>
          <reporter-output>
          </reporter-output>
        </test-method> <!-- testCreateAndDeleteProduct -->
        <test-method status="PASS" signature="startTest()[pri:0, instance:com.n26.tests.CreateAndDeleteProduct@f6c48ac]" name="startTest" is-config="true" duration-ms="0" started-at="2018-11-10T09:44:40Z" finished-at="2018-11-10T09:44:40Z">
          <reporter-output>
          </reporter-output>
        </test-method> <!-- startTest -->
        <test-method status="PASS" signature="endTest(org.testng.ITestResult)[pri:0, instance:com.n26.tests.CreateAndDeleteProduct@f6c48ac]" name="endTest" is-config="true" duration-ms="0" started-at="2018-11-10T09:44:40Z" finished-at="2018-11-10T09:44:40Z">
          <params>
            <param index="0">
              <value>
                <![CDATA[[TestResult name=testCreateAndDeleteProduct status=SUCCESS method=CreateAndDeleteProduct.testCreateAndDeleteProduct(java.util.Hashtable)[pri:0, instance:com.n26.tests.CreateAndDeleteProduct@f6c48ac] output={null}]]]>
              </value>
            </param>
          </params>
          <reporter-output>
          </reporter-output>
        </test-method> <!-- endTest -->
        <test-method status="PASS" signature="testCreateAndDeleteProduct(java.util.Hashtable)[pri:0, instance:com.n26.tests.CreateAndDeleteProduct@f6c48ac]" name="testCreateAndDeleteProduct" duration-ms="125" started-at="2018-11-10T09:44:40Z" data-provider="testData" finished-at="2018-11-10T09:44:41Z">
          <params>
            <param index="0">
              <value>
                <![CDATA[{Description=Health App, Type=Health, Image=https://www.n26.com/image2, Url=https://www.n26.com, Upc=Example, Model=2014.0, Price=780.0, Manufacturer=N27, Name=Product2, Shipping=30.0}]]>
              </value>
            </param>
          </params>
          <reporter-output>
          </reporter-output>
        </test-method> <!-- testCreateAndDeleteProduct -->
        <test-method status="PASS" signature="endTest(org.testng.ITestResult)[pri:0, instance:com.n26.tests.CreateAndDeleteProduct@f6c48ac]" name="endTest" is-config="true" duration-ms="0" started-at="2018-11-10T09:44:41Z" finished-at="2018-11-10T09:44:41Z">
          <params>
            <param index="0">
              <value>
                <![CDATA[[TestResult name=testCreateAndDeleteProduct status=SUCCESS method=CreateAndDeleteProduct.testCreateAndDeleteProduct(java.util.Hashtable)[pri:0, instance:com.n26.tests.CreateAndDeleteProduct@f6c48ac] output={null}]]]>
              </value>
            </param>
          </params>
          <reporter-output>
          </reporter-output>
        </test-method> <!-- endTest -->
        <test-method status="PASS" signature="closeDriver()[pri:0, instance:com.n26.tests.CreateAndDeleteProduct@f6c48ac]" name="closeDriver" is-config="true" duration-ms="356" started-at="2018-11-10T09:44:41Z" finished-at="2018-11-10T09:44:41Z">
          <reporter-output>
          </reporter-output>
        </test-method> <!-- closeDriver -->
      </class> <!-- com.n26.tests.CreateAndDeleteProduct -->
    </test> <!-- ProductAPIs -->
  </suite> <!-- BestBuyAPIPlayground -->
</testng-results>
