<html>
<head>
<title>TestNG:  ProductAPIs</title>
<link href="../testng.css" rel="stylesheet" type="text/css" />
<link href="../my-testng.css" rel="stylesheet" type="text/css" />

<style type="text/css">
.log { display: none;} 
.stack-trace { display: none;} 
</style>
<script type="text/javascript">
<!--
function flip(e) {
  current = e.style.display;
  if (current == 'block') {
    e.style.display = 'none';
    return 0;
  }
  else {
    e.style.display = 'block';
    return 1;
  }
}

function toggleBox(szDivId, elem, msg1, msg2)
{
  var res = -1;  if (document.getElementById) {
    res = flip(document.getElementById(szDivId));
  }
  else if (document.all) {
    // this is the way old msie versions work
    res = flip(document.all[szDivId]);
  }
  if(elem) {
    if(res == 0) elem.innerHTML = msg1; else elem.innerHTML = msg2;
  }

}

function toggleAllBoxes() {
  if (document.getElementsByTagName) {
    d = document.getElementsByTagName('div');
    for (i = 0; i < d.length; i++) {
      if (d[i].className == 'log') {
        flip(d[i]);
      }
    }
  }
}

// -->
</script>

</head>
<body>
<h2 align='center'>ProductAPIs</h2><table border='1' align="center">
<tr>
<td>Tests passed/Failed/Skipped:</td><td>10/1/0</td>
</tr><tr>
<td>Started on:</td><td>Sat Nov 10 09:44:38 IST 2018</td>
</tr>
<tr><td>Total time:</td><td>4 seconds (4130 ms)</td>
</tr><tr>
<td>Included groups:</td><td></td>
</tr><tr>
<td>Excluded groups:</td><td>broken sequential ignore </td>
</tr>
</table><p/>
<small><i>(Hover the method name to see the test class name)</i></small><p/>
<table width='100%' border='1' class='invocation-failed'>
<tr><td colspan='4' align='center'><b>FAILED TESTS</b></td></tr>
<tr><td><b>Test method</b></td>
<td width="30%"><b>Exception</b></td>
<td width="10%"><b>Time (seconds)</b></td>
<td><b>Instance</b></td>
</tr>
<tr>
<td title='com.n26.tests.FailTestCase.testFailTestCase()'><b>testFailTestCase</b><br>Test class: com.n26.tests.FailTestCase<br>Parameters: {Description=Banking APP, Type=Banking, Image=https://www.n26.com/image1, Url=https://www.n26.com, Upc=Example, Model=2013.0, Price=250.0, ProductNameToVerify=Product2, Manufacturer=N26, Name=Product1, Shipping=80.0}</td>
<td><div><pre>java.lang.AssertionError: Product name suppose to be: Product1 expected [Product2] but found [Product1]
	at com.n26.tests.FailTestCase.testFailTestCase(FailTestCase.java:32)
... Removed 30 stack frames</pre></div><a href='#' onClick='toggleBox("stack-trace917704874", this, "Click to show all stack frames", "Click to hide stack frames")'>Click to show all stack frames</a>
<div class='stack-trace' id='stack-trace917704874'><pre>java.lang.AssertionError: Product name suppose to be: Product1 expected [Product2] but found [Product1]
	at org.testng.Assert.fail(Assert.java:96)
	at org.testng.Assert.failNotEquals(Assert.java:776)
	at org.testng.Assert.assertEqualsImpl(Assert.java:137)
	at org.testng.Assert.assertEquals(Assert.java:118)
	at org.testng.Assert.assertEquals(Assert.java:453)
	at com.n26.tests.FailTestCase.testFailTestCase(FailTestCase.java:32)
	at sun.reflect.NativeMethodAccessorImpl.invoke0(Native Method)
	at sun.reflect.NativeMethodAccessorImpl.invoke(NativeMethodAccessorImpl.java:62)
	at sun.reflect.DelegatingMethodAccessorImpl.invoke(DelegatingMethodAccessorImpl.java:43)
	at java.lang.reflect.Method.invoke(Method.java:498)
	at org.testng.internal.MethodInvocationHelper.invokeMethod(MethodInvocationHelper.java:124)
	at org.testng.internal.Invoker.invokeMethod(Invoker.java:571)
	at org.testng.internal.Invoker.invokeTestMethod(Invoker.java:707)
	at org.testng.internal.Invoker.invokeTestMethods(Invoker.java:979)
	at org.testng.internal.TestMethodWorker.invokeTestMethods(TestMethodWorker.java:125)
	at org.testng.internal.TestMethodWorker.run(TestMethodWorker.java:109)
	at org.testng.TestRunner.privateRun(TestRunner.java:648)
	at org.testng.TestRunner.run(TestRunner.java:505)
	at org.testng.SuiteRunner.runTest(SuiteRunner.java:455)
	at org.testng.SuiteRunner.runSequentially(SuiteRunner.java:450)
	at org.testng.SuiteRunner.privateRun(SuiteRunner.java:415)
	at org.testng.SuiteRunner.run(SuiteRunner.java:364)
	at org.testng.SuiteRunnerWorker.runSuite(SuiteRunnerWorker.java:52)
	at org.testng.SuiteRunnerWorker.run(SuiteRunnerWorker.java:84)
	at org.testng.TestNG.runSuitesSequentially(TestNG.java:1187)
	at org.testng.TestNG.runSuitesLocally(TestNG.java:1116)
	at org.testng.TestNG.runSuites(TestNG.java:1028)
	at org.testng.TestNG.run(TestNG.java:996)
	at org.testng.remote.AbstractRemoteTestNG.run(AbstractRemoteTestNG.java:114)
	at org.testng.remote.RemoteTestNG.initAndRun(RemoteTestNG.java:251)
	at org.testng.remote.RemoteTestNG.main(RemoteTestNG.java:77)
</pre></div></td>
<td>0</td>
<td>com.n26.tests.FailTestCase@57fffcd7</td></tr>
</table><p>
<table width='100%' border='1' class='invocation-passed'>
<tr><td colspan='4' align='center'><b>PASSED TESTS</b></td></tr>
<tr><td><b>Test method</b></td>
<td width="30%"><b>Exception</b></td>
<td width="10%"><b>Time (seconds)</b></td>
<td><b>Instance</b></td>
</tr>
<tr>
<td title='com.n26.tests.CreateAndDeleteProduct.testCreateAndDeleteProduct()'><b>testCreateAndDeleteProduct</b><br>Test class: com.n26.tests.CreateAndDeleteProduct<br>Parameters: {Description=Banking APP, Type=Banking, Image=https://www.n26.com/image1, Url=https://www.n26.com, Upc=Example, Model=2013.0, Price=250.0, Manufacturer=N26, Name=Product1, Shipping=80.0}</td>
<td></td>
<td>2</td>
<td>com.n26.tests.CreateAndDeleteProduct@f6c48ac</td></tr>
<tr>
<td title='com.n26.tests.CreateAndDeleteProduct.testCreateAndDeleteProduct()'><b>testCreateAndDeleteProduct</b><br>Test class: com.n26.tests.CreateAndDeleteProduct<br>Parameters: {Description=Health App, Type=Health, Image=https://www.n26.com/image2, Url=https://www.n26.com, Upc=Example, Model=2014.0, Price=780.0, Manufacturer=N27, Name=Product2, Shipping=30.0}</td>
<td></td>
<td>0</td>
<td>com.n26.tests.CreateAndDeleteProduct@f6c48ac</td></tr>
<tr>
<td title='com.n26.tests.CreateAndGetProduct.testCreateAndGetProduct()'><b>testCreateAndGetProduct</b><br>Test class: com.n26.tests.CreateAndGetProduct<br>Parameters: {Description=Banking APP, Type=Banking, Image=https://www.n26.com/image1, Url=https://www.n26.com, Upc=Example, Model=2013.0, Price=250.0, Manufacturer=N26, Name=Product1, Shipping=80.0}</td>
<td></td>
<td>0</td>
<td>com.n26.tests.CreateAndGetProduct@13deb50e</td></tr>
<tr>
<td title='com.n26.tests.CreateAndVerifyProduct.testCreateAndVerifyProduct()'><b>testCreateAndVerifyProduct</b><br>Test class: com.n26.tests.CreateAndVerifyProduct<br>Parameters: {Description=Banking APP, Type=Banking, Image=https://www.n26.com/image1, Url=https://www.n26.com, Upc=Example, Model=2013.0, Price=250.0, Manufacturer=N26, Name=Product1, Shipping=80.0}</td>
<td></td>
<td>0</td>
<td>com.n26.tests.CreateAndVerifyProduct@239963d8</td></tr>
<tr>
<td title='com.n26.tests.CreateAndVerifyProduct.testCreateAndVerifyProduct()'><b>testCreateAndVerifyProduct</b><br>Test class: com.n26.tests.CreateAndVerifyProduct<br>Parameters: {Description=Health App, Type=Health, Image=https://www.n26.com/image2, Url=https://www.n26.com, Upc=Example, Model=2014.0, Price=780.0, Manufacturer=N27, Name=Product2, Shipping=30.0}</td>
<td></td>
<td>0</td>
<td>com.n26.tests.CreateAndVerifyProduct@239963d8</td></tr>
<tr>
<td title='com.n26.tests.CreateAndVerifyProduct.testCreateAndVerifyProduct()'><b>testCreateAndVerifyProduct</b><br>Test class: com.n26.tests.CreateAndVerifyProduct<br>Parameters: {Description=Construction App, Type=Construction, Image=https://www.n26.com/image3, Url=https://www.n26.com, Upc=Example, Model=2015.0, Price=550.0, Manufacturer=N28, Name=Product3, Shipping=130.0}</td>
<td></td>
<td>0</td>
<td>com.n26.tests.CreateAndVerifyProduct@239963d8</td></tr>
<tr>
<td title='com.n26.tests.CreateAndVerifyProduct.testCreateAndVerifyProduct()'><b>testCreateAndVerifyProduct</b><br>Test class: com.n26.tests.CreateAndVerifyProduct<br>Parameters: {Description=Banking APP, Type=Banking, Image=https://www.n26.com/image4, Url=https://www.n26.com, Upc=Example, Model=2016.0, Price=960.0, Manufacturer=N29, Name=Product4, Shipping=300.0}</td>
<td></td>
<td>0</td>
<td>com.n26.tests.CreateAndVerifyProduct@239963d8</td></tr>
<tr>
<td title='com.n26.tests.CreatePatchAndVerifyProduct.testCreatePatchAndVerifyProduct()'><b>testCreatePatchAndVerifyProduct</b><br>Test class: com.n26.tests.CreatePatchAndVerifyProduct<br>Parameters: {NewModel=2013.0, NewManufacturer=N26, Upc=Example, NewType=Bankingx, Shipping=80.0, Name=Product1, NewDescriptior=Banking APP, NewImage=https://www.n26.com/image1, Type=Banking, Model=2013.0, NewUpc=Examplex, NewShipping=80.0, Url=https://www.n26.com, NewPrice=250.0, Manufacturer=N26, Image=https://www.n26.com/image1, Description=Banking APP, NewUrl=https://www.n26.com, NewName=Productx, Price=250.0}</td>
<td></td>
<td>0</td>
<td>com.n26.tests.CreatePatchAndVerifyProduct@3abbfa04</td></tr>
<tr>
<td title='com.n26.tests.CreatePatchAndVerifyProduct.testCreatePatchAndVerifyProduct()'><b>testCreatePatchAndVerifyProduct</b><br>Test class: com.n26.tests.CreatePatchAndVerifyProduct<br>Parameters: {NewModel=2013.0, NewManufacturer=N26, Upc=Example, NewType=Hotelx, Shipping=98.0, Name=Product2, NewDescriptior=Banking APP, NewImage=https://www.n26.com/image1, Type=Hotel, Model=2018.0, NewUpc=Examplex, NewShipping=80.0, Url=https://www.n26.com, NewPrice=250.0, Manufacturer=N26, Image=https://www.n26.com/image1, Description=Hotel APP, NewUrl=https://www.n26.com, NewName=Productx, Price=560.0}</td>
<td></td>
<td>0</td>
<td>com.n26.tests.CreatePatchAndVerifyProduct@3abbfa04</td></tr>
<tr>
<td title='com.n26.tests.FailTestCase.testFailTestCase()'><b>testFailTestCase</b><br>Test class: com.n26.tests.FailTestCase<br>Parameters: {Description=Health App, Type=Health, Image=https://www.n26.com/image2, Url=https://www.n26.com, Upc=Example, Model=2014.0, Price=780.0, ProductNameToVerify=Product2, Manufacturer=N27, Name=Product2, Shipping=30.0}</td>
<td></td>
<td>0</td>
<td>com.n26.tests.FailTestCase@57fffcd7</td></tr>
</table><p>
</body>
</html>